<?xml version="1.0" encoding="UTF-8"?>
<!-- Generated by org.testng.reporters.JUnitReportReporter -->
<testsuite hostname="LAPTOP-62I5Q3FU" failures="0" tests="2" name="SELENIUMPROJECT01.DataDrivenTest" time="59.530" errors="0" timestamp="2025-08-04T23:20:47 IST" skipped="0">
  <testcase classname="SELENIUMPROJECT01.DataDrivenTest" name="loginaccounts" time="30.338"/>
  <testcase classname="SELENIUMPROJECT01.DataDrivenTest" name="loginaccounts" time="29.192"/>
</testsuite> <!-- SELENIUMPROJECT01.DataDrivenTest -->
