<?xml version="1.0" encoding="UTF-8"?>
<!-- Generated by org.testng.reporters.JUnitReportReporter -->
<testsuite hostname="LAPTOP-62I5Q3FU" failures="0" tests="1" name="SELENIUMPROJECT01.Selectprodfromdd" time="35.849" errors="0" timestamp="2025-08-05T15:23:12 IST" skipped="0">
  <testcase classname="SELENIUMPROJECT01.Selectprodfromdd" name="buyfromdropdown" time="35.849"/>
</testsuite> <!-- SELENIUMPROJECT01.Selectprodfromdd -->
