<?xml version="1.0" encoding="UTF-8"?>
<!-- Generated by org.testng.reporters.JUnitReportReporter -->
<testsuite hostname="LAPTOP-62I5Q3FU" failures="0" tests="1" name="SELENIUMPROJECT01.SelectProduct" time="20.485" errors="0" timestamp="2025-08-05T14:18:03 IST" skipped="0">
  <testcase classname="SELENIUMPROJECT01.SelectProduct" name="Selectprod" time="20.485"/>
</testsuite> <!-- SELENIUMPROJECT01.SelectProduct -->
